0 info it worked if it ends with ok
1 verbose cli [ '/usr/bin/node', '/usr/bin/npm', 'install' ]
2 info using npm@1.4.28
3 info using node@v0.10.33
4 verbose node symlink /usr/bin/node
5 verbose readDependencies using package.json deps
6 verbose install where, deps [ '/home/msl/dev/hubot-build-token',
6 verbose install   [ 'coffee-script', 'redis-brain' ] ]
7 info preinstall hubot-build-token@0.0.1
8 verbose readDependencies using package.json deps
9 verbose cache add [ 'coffee-script@~1.6', null ]
10 verbose cache add name=undefined spec="coffee-script@~1.6" args=["coffee-script@~1.6",null]
11 verbose parsed url { protocol: null,
11 verbose parsed url   slashes: null,
11 verbose parsed url   auth: null,
11 verbose parsed url   host: null,
11 verbose parsed url   port: null,
11 verbose parsed url   hostname: null,
11 verbose parsed url   hash: null,
11 verbose parsed url   search: null,
11 verbose parsed url   query: null,
11 verbose parsed url   pathname: 'coffee-script@~1.6',
11 verbose parsed url   path: 'coffee-script@~1.6',
11 verbose parsed url   href: 'coffee-script@~1.6' }
12 verbose cache add [ 'redis-brain@~0.0', null ]
13 verbose cache add name=undefined spec="redis-brain@~0.0" args=["redis-brain@~0.0",null]
14 verbose parsed url { protocol: null,
14 verbose parsed url   slashes: null,
14 verbose parsed url   auth: null,
14 verbose parsed url   host: null,
14 verbose parsed url   port: null,
14 verbose parsed url   hostname: null,
14 verbose parsed url   hash: null,
14 verbose parsed url   search: null,
14 verbose parsed url   query: null,
14 verbose parsed url   pathname: 'redis-brain@~0.0',
14 verbose parsed url   path: 'redis-brain@~0.0',
14 verbose parsed url   href: 'redis-brain@~0.0' }
15 verbose cache add name="coffee-script" spec="~1.6" args=["coffee-script","~1.6"]
16 verbose parsed url { protocol: null,
16 verbose parsed url   slashes: null,
16 verbose parsed url   auth: null,
16 verbose parsed url   host: null,
16 verbose parsed url   port: null,
16 verbose parsed url   hostname: null,
16 verbose parsed url   hash: null,
16 verbose parsed url   search: null,
16 verbose parsed url   query: null,
16 verbose parsed url   pathname: '~1.6',
16 verbose parsed url   path: '~1.6',
16 verbose parsed url   href: '~1.6' }
17 verbose addNamed [ 'coffee-script', '~1.6' ]
18 verbose addNamed [ null, '>=1.6.0-0 <1.7.0-0' ]
19 verbose cache add name="redis-brain" spec="~0.0" args=["redis-brain","~0.0"]
20 verbose parsed url { protocol: null,
20 verbose parsed url   slashes: null,
20 verbose parsed url   auth: null,
20 verbose parsed url   host: null,
20 verbose parsed url   port: null,
20 verbose parsed url   hostname: null,
20 verbose parsed url   hash: null,
20 verbose parsed url   search: null,
20 verbose parsed url   query: null,
20 verbose parsed url   pathname: '~0.0',
20 verbose parsed url   path: '~0.0',
20 verbose parsed url   href: '~0.0' }
21 verbose addNamed [ 'redis-brain', '~0.0' ]
22 verbose addNamed [ null, '>=0.0.0-0 <0.1.0-0' ]
23 silly lockFile d0c13b8a-coffee-script-1-6 coffee-script@~1.6
24 verbose lock coffee-script@~1.6 /home/msl/.npm/d0c13b8a-coffee-script-1-6.lock
25 silly lockFile 9bee60a5-redis-brain-0-0 redis-brain@~0.0
26 verbose lock redis-brain@~0.0 /home/msl/.npm/9bee60a5-redis-brain-0-0.lock
27 silly addNameRange { name: 'coffee-script',
27 silly addNameRange   range: '>=1.6.0-0 <1.7.0-0',
27 silly addNameRange   hasData: false }
28 silly addNameRange { name: 'redis-brain',
28 silly addNameRange   range: '>=0.0.0-0 <0.1.0-0',
28 silly addNameRange   hasData: false }
29 verbose request where is /redis-brain
30 verbose request registry https://registry.npmjs.org/
31 verbose request id 34be051ef88c8c93
32 verbose url raw /redis-brain
33 verbose url resolving [ 'https://registry.npmjs.org/', './redis-brain' ]
34 verbose url resolved https://registry.npmjs.org/redis-brain
35 verbose request where is https://registry.npmjs.org/redis-brain
36 info trying registry request attempt 1 at 22:18:01
37 http GET https://registry.npmjs.org/redis-brain
38 verbose request where is /coffee-script
39 verbose request registry https://registry.npmjs.org/
40 verbose url raw /coffee-script
41 verbose url resolving [ 'https://registry.npmjs.org/', './coffee-script' ]
42 verbose url resolved https://registry.npmjs.org/coffee-script
43 verbose request where is https://registry.npmjs.org/coffee-script
44 info trying registry request attempt 1 at 22:18:02
45 verbose etag "6XPI66LQA8000X9C1H2XZ7C1D"
46 http GET https://registry.npmjs.org/coffee-script
47 http 304 https://registry.npmjs.org/coffee-script
48 silly registry.get cb [ 304,
48 silly registry.get   { date: 'Sat, 13 Dec 2014 22:18:02 GMT',
48 silly registry.get     server: 'Apache',
48 silly registry.get     via: '1.1 varnish',
48 silly registry.get     'last-modified': 'Sat, 13 Dec 2014 22:18:02 GMT',
48 silly registry.get     'cache-control': 'max-age=60',
48 silly registry.get     etag: '"6XPI66LQA8000X9C1H2XZ7C1D"',
48 silly registry.get     age: '51',
48 silly registry.get     'x-served-by': 'cache-ams4127-AMS',
48 silly registry.get     'x-cache': 'HIT',
48 silly registry.get     'x-cache-hits': '1',
48 silly registry.get     'x-timer': 'S1418509082.316397,VS0,VE0',
48 silly registry.get     vary: 'Accept',
48 silly registry.get     'content-length': '0',
48 silly registry.get     'keep-alive': 'timeout=10, max=50',
48 silly registry.get     connection: 'Keep-Alive' } ]
49 verbose etag https://registry.npmjs.org/coffee-script from cache
50 silly addNameRange number 2 { name: 'coffee-script',
50 silly addNameRange   range: '>=1.6.0-0 <1.7.0-0',
50 silly addNameRange   hasData: true }
51 silly addNameRange versions [ 'coffee-script',
51 silly addNameRange   [ '0.7.0',
51 silly addNameRange     '0.7.1',
51 silly addNameRange     '0.7.2',
51 silly addNameRange     '0.9.0',
51 silly addNameRange     '0.9.1',
51 silly addNameRange     '0.9.2',
51 silly addNameRange     '0.9.3',
51 silly addNameRange     '0.9.4',
51 silly addNameRange     '0.9.5',
51 silly addNameRange     '0.9.6',
51 silly addNameRange     '1.0.0',
51 silly addNameRange     '1.0.1',
51 silly addNameRange     '1.1.0',
51 silly addNameRange     '1.1.1',
51 silly addNameRange     '1.1.2',
51 silly addNameRange     '1.1.3',
51 silly addNameRange     '1.2.0',
51 silly addNameRange     '1.3.0',
51 silly addNameRange     '1.3.1',
51 silly addNameRange     '1.3.2',
51 silly addNameRange     '1.3.3',
51 silly addNameRange     '1.4.0',
51 silly addNameRange     '1.5.0',
51 silly addNameRange     '1.6.0',
51 silly addNameRange     '1.6.1',
51 silly addNameRange     '1.6.2',
51 silly addNameRange     '1.6.3',
51 silly addNameRange     '1.7.0',
51 silly addNameRange     '1.7.1',
51 silly addNameRange     '1.8.0' ] ]
52 verbose addNamed [ 'coffee-script', '1.6.3' ]
53 verbose addNamed [ '1.6.3', '1.6.3' ]
54 silly lockFile 15ab88ca-coffee-script-1-6-3 coffee-script@1.6.3
55 verbose lock coffee-script@1.6.3 /home/msl/.npm/15ab88ca-coffee-script-1-6-3.lock
56 silly lockFile 15ab88ca-coffee-script-1-6-3 coffee-script@1.6.3
57 silly lockFile 15ab88ca-coffee-script-1-6-3 coffee-script@1.6.3
58 silly lockFile d0c13b8a-coffee-script-1-6 coffee-script@~1.6
59 silly lockFile d0c13b8a-coffee-script-1-6 coffee-script@~1.6
60 http 404 https://registry.npmjs.org/redis-brain
61 verbose headers { date: 'Sat, 13 Dec 2014 22:18:02 GMT',
61 verbose headers   server: 'CouchDB/1.5.0 (Erlang OTP/R14B04)',
61 verbose headers   'content-type': 'application/json',
61 verbose headers   'cache-control': 'max-age=0',
61 verbose headers   'content-length': '52',
61 verbose headers   'accept-ranges': 'bytes',
61 verbose headers   via: '1.1 varnish',
61 verbose headers   age: '0',
61 verbose headers   'x-served-by': 'cache-ams4131-AMS',
61 verbose headers   'x-cache': 'MISS',
61 verbose headers   'x-cache-hits': '0',
61 verbose headers   'x-timer': 'S1418509082.303549,VS0,VE386',
61 verbose headers   'keep-alive': 'timeout=10, max=50',
61 verbose headers   connection: 'Keep-Alive' }
62 silly registry.get cb [ 404,
62 silly registry.get   { date: 'Sat, 13 Dec 2014 22:18:02 GMT',
62 silly registry.get     server: 'CouchDB/1.5.0 (Erlang OTP/R14B04)',
62 silly registry.get     'content-type': 'application/json',
62 silly registry.get     'cache-control': 'max-age=0',
62 silly registry.get     'content-length': '52',
62 silly registry.get     'accept-ranges': 'bytes',
62 silly registry.get     via: '1.1 varnish',
62 silly registry.get     age: '0',
62 silly registry.get     'x-served-by': 'cache-ams4131-AMS',
62 silly registry.get     'x-cache': 'MISS',
62 silly registry.get     'x-cache-hits': '0',
62 silly registry.get     'x-timer': 'S1418509082.303549,VS0,VE386',
62 silly registry.get     'keep-alive': 'timeout=10, max=50',
62 silly registry.get     connection: 'Keep-Alive' } ]
63 silly lockFile 9bee60a5-redis-brain-0-0 redis-brain@~0.0
64 silly lockFile 9bee60a5-redis-brain-0-0 redis-brain@~0.0
65 error 404 404 Not Found: redis-brain
65 error 404
65 error 404 'redis-brain' is not in the npm registry.
65 error 404 You should bug the author to publish it
65 error 404 It was specified as a dependency of 'hubot-build-token'
65 error 404
65 error 404 Note that you can also install from a
65 error 404 tarball, folder, or http url, or git url.
66 error System Linux 3.13.0-40-generic
67 error command "/usr/bin/node" "/usr/bin/npm" "install"
68 error cwd /home/msl/dev/hubot-build-token
69 error node -v v0.10.33
70 error npm -v 1.4.28
71 error code E404
72 verbose exit [ 1, true ]
